<?xml version="1.0" encoding="UTF-8"?>
<testng-results ignored="0" total="3" passed="3" failed="0" skipped="0">
  <reporter-output>
  </reporter-output>
  <suite started-at="2022-12-15T22:55:04 PST" name="Suite" finished-at="2022-12-15T22:55:04 PST" duration-ms="47">
    <groups>
    </groups>
    <test started-at="2022-12-15T22:55:04 PST" name="Test" finished-at="2022-12-15T22:55:04 PST" duration-ms="47">
      <class name="SecondTest">
        <test-method signature="ThirdTest()[pri:0, instance:SecondTest@32ee6fee]" started-at="2022-12-15T22:55:04 PST" name="ThirdTest" finished-at="2022-12-15T22:55:04 PST" duration-ms="2" status="PASS">
          <reporter-output>
          </reporter-output>
        </test-method> <!-- ThirdTest -->
      </class> <!-- SecondTest -->
      <class name="SampleTestNg">
        <test-method signature="FirstTest()[pri:0, instance:SampleTestNg@3e84448c]" started-at="2022-12-15T22:55:04 PST" name="FirstTest" finished-at="2022-12-15T22:55:04 PST" duration-ms="6" status="PASS">
          <reporter-output>
          </reporter-output>
        </test-method> <!-- FirstTest -->
        <test-method signature="SecondTest()[pri:0, instance:SampleTestNg@3e84448c]" started-at="2022-12-15T22:55:04 PST" name="SecondTest" finished-at="2022-12-15T22:55:04 PST" duration-ms="1" status="PASS">
          <reporter-output>
          </reporter-output>
        </test-method> <!-- SecondTest -->
      </class> <!-- SampleTestNg -->
    </test> <!-- Test -->
  </suite> <!-- Suite -->
</testng-results>
